[0606/200604.888118:WARNING:keyboard_code_conversion_x.cc(1445)] Unknown keycode:0
[0606/200605.088336:WARNING:keyboard_code_conversion_x.cc(1445)] Unknown keycode:0
[0606/200605.121776:WARNING:keyboard_code_conversion_x.cc(1445)] Unknown keycode:0
[0606/200605.379002:WARNING:used_ids.h(55)] Duplicate id found. Reassigning from 104 to 127
[0606/200605.379092:WARNING:used_ids.h(55)] Duplicate id found. Reassigning from 103 to 125
[0606/200605.379129:WARNING:used_ids.h(55)] Duplicate id found. Reassigning from 1 to 14
[0606/200605.379151:WARNING:used_ids.h(55)] Duplicate id found. Reassigning from 3 to 13
[0606/200605.379170:WARNING:used_ids.h(55)] Duplicate id found. Reassigning from 5 to 12
[0606/200605.379191:WARNING:used_ids.h(55)] Duplicate id found. Reassigning from 6 to 11
[0606/200605.379277:ERROR:audio_rtp_receiver.cc(89)] AudioRtpReceiver::OnSetVolume: No audio channel exists.
[0606/200605.921253:WARNING:keyboard_code_conversion_x.cc(1445)] Unknown keycode:0
[0606/200605.971011:WARNING:keyboard_code_conversion_x.cc(1445)] Unknown keycode:0
[0606/200606.204478:WARNING:keyboard_code_conversion_x.cc(1445)] Unknown keycode:0
[0606/200606.204586:WARNING:keyboard_code_conversion_x.cc(1445)] Unknown keycode:0
[0606/200606.304386:WARNING:keyboard_code_conversion_x.cc(1445)] Unknown keycode:0
[0606/200606.337985:WARNING:keyboard_code_conversion_x.cc(1445)] Unknown keycode:0
[0606/200606.521036:WARNING:keyboard_code_conversion_x.cc(1445)] Unknown keycode:0
[0606/200606.604408:WARNING:keyboard_code_conversion_x.cc(1445)] Unknown keycode:108
[0606/200606.604473:WARNING:keyboard_code_conversion_x.cc(1445)] Unknown keycode:0
[0606/200606.704608:WARNING:keyboard_code_conversion_x.cc(1445)] Unknown keycode:0
[0606/200606.821567:WARNING:keyboard_code_conversion_x.cc(1445)] Unknown keycode:0
[0606/200606.921112:WARNING:keyboard_code_conversion_x.cc(1445)] Unknown keycode:0
[0606/200607.039842:WARNING:keyboard_code_conversion_x.cc(1445)] Unknown keycode:0
[0606/200607.321031:WARNING:keyboard_code_conversion_x.cc(1445)] Unknown keycode:64
[0606/200607.321080:WARNING:keyboard_code_conversion_x.cc(1445)] Unknown keycode:0
[0606/200607.521010:WARNING:keyboard_code_conversion_x.cc(1445)] Unknown keycode:0
[0606/200607.621146:WARNING:keyboard_code_conversion_x.cc(1445)] Unknown keycode:0
[0606/200607.821080:WARNING:keyboard_code_conversion_x.cc(1445)] Unknown keycode:0
[0606/200607.955109:WARNING:keyboard_code_conversion_x.cc(1445)] Unknown keycode:0
[0606/200607.955178:WARNING:keyboard_code_conversion_x.cc(1445)] Unknown keycode:0
[0606/200609.021096:WARNING:keyboard_code_conversion_x.cc(1445)] Unknown keycode:0
[0606/200609.171153:WARNING:keyboard_code_conversion_x.cc(1445)] Unknown keycode:0
[0606/200609.271168:WARNING:keyboard_code_conversion_x.cc(1445)] Unknown keycode:0
[0606/200609.454460:WARNING:keyboard_code_conversion_x.cc(1445)] Unknown keycode:108
[0606/200609.454513:WARNING:keyboard_code_conversion_x.cc(1445)] Unknown keycode:0
[0606/200609.704612:WARNING:keyboard_code_conversion_x.cc(1445)] Unknown keycode:0
[0606/200609.704720:WARNING:keyboard_code_conversion_x.cc(1445)] Unknown keycode:0
[0606/200609.804485:WARNING:keyboard_code_conversion_x.cc(1445)] Unknown keycode:0
[0606/200609.854577:WARNING:keyboard_code_conversion_x.cc(1445)] Unknown keycode:0
[0606/200609.937861:WARNING:keyboard_code_conversion_x.cc(1445)] Unknown keycode:0
[0606/200610.121230:WARNING:keyboard_code_conversion_x.cc(1445)] Unknown keycode:0
[0606/200610.671119:WARNING:keyboard_code_conversion_x.cc(1445)] Unknown keycode:0
[0606/200610.771209:WARNING:keyboard_code_conversion_x.cc(1445)] Unknown keycode:0
[0606/200610.887941:WARNING:keyboard_code_conversion_x.cc(1445)] Unknown keycode:0
[0606/200611.038432:WARNING:keyboard_code_conversion_x.cc(1445)] Unknown keycode:0
[0606/200611.238309:WARNING:keyboard_code_conversion_x.cc(1445)] Unknown keycode:0
[0606/200611.321504:WARNING:keyboard_code_conversion_x.cc(1445)] Unknown keycode:0
[0606/200611.521113:WARNING:keyboard_code_conversion_x.cc(1445)] Unknown keycode:0
[0606/200611.654715:WARNING:keyboard_code_conversion_x.cc(1445)] Unknown keycode:0
[0606/200611.887723:WARNING:keyboard_code_conversion_x.cc(1445)] Unknown keycode:0
[0606/200612.137686:WARNING:keyboard_code_conversion_x.cc(1445)] Unknown keycode:0
[0606/200613.371662:ERROR:audio_rtp_receiver.cc(89)] AudioRtpReceiver::OnSetVolume: No audio channel exists.
[0606/200613.371769:WARNING:used_ids.h(55)] Duplicate id found. Reassigning from 104 to 127
[0606/200613.371809:WARNING:used_ids.h(55)] Duplicate id found. Reassigning from 103 to 125
[0606/200613.371844:WARNING:used_ids.h(55)] Duplicate id found. Reassigning from 1 to 14
[0606/200613.371871:WARNING:used_ids.h(55)] Duplicate id found. Reassigning from 3 to 13
[0606/200613.371894:WARNING:used_ids.h(55)] Duplicate id found. Reassigning from 5 to 12
[0606/200613.371916:WARNING:used_ids.h(55)] Duplicate id found. Reassigning from 6 to 11
[0606/200626.903372:ERROR:audio_rtp_receiver.cc(89)] AudioRtpReceiver::OnSetVolume: No audio channel exists.
[0606/200626.903492:WARNING:used_ids.h(55)] Duplicate id found. Reassigning from 104 to 127
[0606/200626.903536:WARNING:used_ids.h(55)] Duplicate id found. Reassigning from 103 to 125
[0606/200626.903583:WARNING:used_ids.h(55)] Duplicate id found. Reassigning from 1 to 14
[0606/200626.903606:WARNING:used_ids.h(55)] Duplicate id found. Reassigning from 3 to 13
[0606/200626.903629:WARNING:used_ids.h(55)] Duplicate id found. Reassigning from 5 to 12
[0606/200626.903647:WARNING:used_ids.h(55)] Duplicate id found. Reassigning from 6 to 11
[0606/200633.843471:ERROR:batching_media_log.cc(38)] MediaEvent: {"error":"FFmpegDemuxer: no supported streams"}
[0606/200633.843586:ERROR:batching_media_log.cc(35)] MediaEvent: {"pipeline_error":14}
[0606/200633.890495:ERROR:batching_media_log.cc(38)] MediaEvent: {"error":"FFmpegDemuxer: no supported streams"}
[0606/200633.890586:ERROR:batching_media_log.cc(35)] MediaEvent: {"pipeline_error":14}
